<?xml version="1.0" encoding="UTF-8" ?>
<testsuite tests="18" failures="0" name="es.udc.ws.espectaculo.test.model.espectaculoservice.EspectaculoServiceTest" time="7.276" errors="0" skipped="0">
  <properties>
    <property name="java.runtime.name" value="Java(TM) SE Runtime Environment"/>
    <property name="sun.boot.library.path" value="/opt/jdk1.8.0_181/jre/lib/amd64"/>
    <property name="java.vm.version" value="25.181-b13"/>
    <property name="java.vm.vendor" value="Oracle Corporation"/>
    <property name="maven.multiModuleProjectDirectory" value="/home/adrian/Desktop/ISD/isd/isd015"/>
    <property name="java.vendor.url" value="http://java.oracle.com/"/>
    <property name="path.separator" value=":"/>
    <property name="guice.disable.misplaced.annotation.check" value="true"/>
    <property name="java.vm.name" value="Java HotSpot(TM) 64-Bit Server VM"/>
    <property name="file.encoding.pkg" value="sun.io"/>
    <property name="user.country" value="US"/>
    <property name="sun.java.launcher" value="SUN_STANDARD"/>
    <property name="sun.os.patch.level" value="unknown"/>
    <property name="java.vm.specification.name" value="Java Virtual Machine Specification"/>
    <property name="user.dir" value="/home/adrian/Desktop/ISD/isd/isd015"/>
    <property name="java.runtime.version" value="1.8.0_181-b13"/>
    <property name="java.awt.graphicsenv" value="sun.awt.X11GraphicsEnvironment"/>
    <property name="java.endorsed.dirs" value="/opt/jdk1.8.0_181/jre/lib/endorsed"/>
    <property name="os.arch" value="amd64"/>
    <property name="java.io.tmpdir" value="/tmp"/>
    <property name="line.separator" value="
"/>
    <property name="java.vm.specification.vendor" value="Oracle Corporation"/>
    <property name="os.name" value="Linux"/>
    <property name="classworlds.conf" value="/opt/apache-maven-3.5.4/bin/m2.conf"/>
    <property name="sun.jnu.encoding" value="UTF-8"/>
    <property name="java.library.path" value="/usr/java/packages/lib/amd64:/usr/lib64:/lib64:/lib:/usr/lib"/>
    <property name="maven.conf" value="/opt/apache-maven-3.5.4/conf"/>
    <property name="java.specification.name" value="Java Platform API Specification"/>
    <property name="java.class.version" value="52.0"/>
    <property name="sun.management.compiler" value="HotSpot 64-Bit Tiered Compilers"/>
    <property name="os.version" value="4.15.0-42-generic"/>
    <property name="library.jansi.path" value="/opt/apache-maven-3.5.4/lib/jansi-native"/>
    <property name="user.home" value="/home/adrian"/>
    <property name="user.timezone" value="Europe/Madrid"/>
    <property name="java.awt.printerjob" value="sun.print.PSPrinterJob"/>
    <property name="java.specification.version" value="1.8"/>
    <property name="file.encoding" value="UTF-8"/>
    <property name="user.name" value="adrian"/>
    <property name="java.class.path" value="/opt/apache-maven-3.5.4/boot/plexus-classworlds-2.5.2.jar"/>
    <property name="java.vm.specification.version" value="1.8"/>
    <property name="sun.arch.data.model" value="64"/>
    <property name="java.home" value="/opt/jdk1.8.0_181/jre"/>
    <property name="sun.java.command" value="org.codehaus.plexus.classworlds.launcher.Launcher install"/>
    <property name="java.specification.vendor" value="Oracle Corporation"/>
    <property name="user.language" value="en"/>
    <property name="awt.toolkit" value="sun.awt.X11.XToolkit"/>
    <property name="java.vm.info" value="mixed mode"/>
    <property name="java.version" value="1.8.0_181"/>
    <property name="java.ext.dirs" value="/opt/jdk1.8.0_181/jre/lib/ext:/usr/java/packages/lib/ext"/>
    <property name="securerandom.source" value="file:/dev/./urandom"/>
    <property name="sun.boot.class.path" value="/opt/jdk1.8.0_181/jre/lib/resources.jar:/opt/jdk1.8.0_181/jre/lib/rt.jar:/opt/jdk1.8.0_181/jre/lib/sunrsasign.jar:/opt/jdk1.8.0_181/jre/lib/jsse.jar:/opt/jdk1.8.0_181/jre/lib/jce.jar:/opt/jdk1.8.0_181/jre/lib/charsets.jar:/opt/jdk1.8.0_181/jre/lib/jfr.jar:/opt/jdk1.8.0_181/jre/classes"/>
    <property name="java.vendor" value="Oracle Corporation"/>
    <property name="maven.home" value="/opt/apache-maven-3.5.4"/>
    <property name="file.separator" value="/"/>
    <property name="java.vendor.url.bug" value="http://bugreport.sun.com/bugreport/"/>
    <property name="sun.cpu.endian" value="little"/>
    <property name="sun.io.unicode.encoding" value="UnicodeLittle"/>
    <property name="sun.desktop" value="gnome"/>
    <property name="sun.cpu.isalist" value=""/>
  </properties>
  <testcase classname="es.udc.ws.espectaculo.test.model.espectaculoservice.EspectaculoServiceTest" name="testBookNonExistentEspectaculo" time="0.65"/>
  <testcase classname="es.udc.ws.espectaculo.test.model.espectaculoservice.EspectaculoServiceTest" name="testBookWithInvalidCreditCard" time="0.435"/>
  <testcase classname="es.udc.ws.espectaculo.test.model.espectaculoservice.EspectaculoServiceTest" name="testUpdateEspectaculo" time="0.423"/>
  <testcase classname="es.udc.ws.espectaculo.test.model.espectaculoservice.EspectaculoServiceTest" name="testUpdateInvalidEspectaculo" time="0.314"/>
  <testcase classname="es.udc.ws.espectaculo.test.model.espectaculoservice.EspectaculoServiceTest" name="testFindEspectaculos" time="0.825"/>
  <testcase classname="es.udc.ws.espectaculo.test.model.espectaculoservice.EspectaculoServiceTest" name="testBookAndFindReserva" time="0.531"/>
  <testcase classname="es.udc.ws.espectaculo.test.model.espectaculoservice.EspectaculoServiceTest" name="testBookWithNotEnoughTickets" time="0.331"/>
  <testcase classname="es.udc.ws.espectaculo.test.model.espectaculoservice.EspectaculoServiceTest" name="testBookWithFechaLimiteExceed" time="0.4"/>
  <testcase classname="es.udc.ws.espectaculo.test.model.espectaculoservice.EspectaculoServiceTest" name="testUpdateNonExistentEspectaculo" time="0.011"/>
  <testcase classname="es.udc.ws.espectaculo.test.model.espectaculoservice.EspectaculoServiceTest" name="testcheckBookWithWrongCreditCard" time="0.592"/>
  <testcase classname="es.udc.ws.espectaculo.test.model.espectaculoservice.EspectaculoServiceTest" name="testUpdateInvalidPrecioDescontado" time="0.513"/>
  <testcase classname="es.udc.ws.espectaculo.test.model.espectaculoservice.EspectaculoServiceTest" name="testCheckBook" time="0.726"/>
  <testcase classname="es.udc.ws.espectaculo.test.model.espectaculoservice.EspectaculoServiceTest" name="testcheckBookWithInvalidCreditCard" time="0.611"/>
  <testcase classname="es.udc.ws.espectaculo.test.model.espectaculoservice.EspectaculoServiceTest" name="testAddEspectaculoAndFindEspectaculo" time="0.315"/>
  <testcase classname="es.udc.ws.espectaculo.test.model.espectaculoservice.EspectaculoServiceTest" name="testcheckBookInexistent" time="0.007"/>
  <testcase classname="es.udc.ws.espectaculo.test.model.espectaculoservice.EspectaculoServiceTest" name="testcheckBookAlreadyChecked" time="0.585"/>
  <testcase classname="es.udc.ws.espectaculo.test.model.espectaculoservice.EspectaculoServiceTest" name="testAddInvalidEspectaculo" time="0.001"/>
  <testcase classname="es.udc.ws.espectaculo.test.model.espectaculoservice.EspectaculoServiceTest" name="testFindNonExistentEspectaculo" time="0.006"/>
</testsuite>